2024-05-23 15:43:12.431049 INFO::Writing function arguments to log file
2024-05-23 15:43:12.436093 DEBUG::Function arguments
2024-05-23 15:43:12.441478 DEBUG::Output folder: data/processed_data/maaslin_by_cohort_HMP_Vs_MDACC_all_Stool
2024-05-23 15:43:12.44169 DEBUG::Min Abundance: 100.000000
2024-05-23 15:43:12.441846 DEBUG::Min Prevalence: 0.250000
2024-05-23 15:43:12.44199 DEBUG::Normalization: TMM
2024-05-23 15:43:12.442144 DEBUG::Transform: NONE
2024-05-23 15:43:12.442279 DEBUG::Analysis method: NEGBIN
2024-05-23 15:43:12.44242 DEBUG::Max significance: 0.250000
2024-05-23 15:43:12.442553 DEBUG::Random effects:
2024-05-23 15:43:12.442707 DEBUG::Fixed effects: cohort
2024-05-23 15:43:12.442907 DEBUG::Correction method: BH
2024-05-23 15:43:12.443073 DEBUG::Standardize: TRUE
2024-05-23 15:43:12.443232 DEBUG::Cores: 24
2024-05-23 15:43:12.443372 INFO::Verifying options selected are valid
2024-05-23 15:43:12.47031 INFO::Determining format of input files
2024-05-23 15:43:12.471113 INFO::Input format is data samples as rows and metadata samples as rows
2024-05-23 15:43:12.472501 DEBUG::A total of 252 samples were found in both the data and metadata
2024-05-23 15:43:12.472676 DEBUG::Reordering data/metadata to use same sample ordering
2024-05-23 15:43:12.477456 INFO::Formula for fixed effects: expr ~  cohort
2024-05-23 15:43:12.478426 INFO::Filter data based on min abundance and min prevalence
2024-05-23 15:43:12.478909 INFO::Total samples in data: 252
2024-05-23 15:43:12.479375 INFO::Min samples required with min abundance for a feature not to be filtered: 63.000000
2024-05-23 15:43:12.48686 INFO::Total filtered features: 1027
2024-05-23 15:43:12.48768 INFO::Filtered feature names from abundance and prevalence filtering: X10256, X1626, X10116, X1552, X1891, X4760, X1829, X4763, X1903, X1862, X1769, X7962, X1792, X17247, X8021, X16971, X1545, X4036, X4616, X1613, X7115, X6952, X4828, X4583, X1465, X13165, X4798, X1941, X1679, X6956, X1857, X1543, X4290, X10115, X4762, X1564, X1588, X10207, X4529, X4724, X9450, X17241, X4701, X1024, X29381, X6790, X4280, X7106, X7082, X9954, X6939, X1699, X1536, X7967, X5803, X13164, X4630, X8163, X17237, X7045, X1772, X9280, X7930, X9467, X7038, X4588, X10083, X1469, X1846, X17256, X2317, X8059, X4791, X2043, X9273, X6806, X2071, X14851, X17130, X17152, X4617, X16988, X17168, X17153, X4882, X9281, X14752, X6609, X4628, X6936, X4626, X969, X2311, X8095, X15295, X1860, X6796, X17167, X5266, X6783, X5736, X5265, X6962, X1636, X13972, X3926, X1888, X2492, X8235, X15507, X1456, X4988, X6768, X2479, X17300, X1466, X1895, X8047, X17154, X8620, X9463, X16987, X4670, X5855, X15127, X17234, X5111, X4422, X1798, X1468, X10119, X4494, X9247, X6035, X5273, X2227, X4367, X1542, X7114, X1858, X15299, X8236, X14912, X4080, X1563, X5868, X4810, X6131, X15878, X1842, X4691, X749, X1835, X1878, X15149, X14965, X14844, X1477, X9224, X1522, X9292, X15125, X1784, X2502, X9434, X4677, X4272, X4482, X1395, X4421, X1666, X4078, X1948, X14741, X6579, X15480, X4867, X1942, X29433, X4674, X10118, X3934, X5857, X15888, X6140, X14739, X8245, X2230, X4425, X4816, X14737, X4598, X4606, X6148, X4756, X4829, X1963, X6771, X8084, X8255, X15873, X4825, X2296, X10074, X4029, X7098, X4831, X9731, X5731, X2299, X7951, X15233, X17278, X6191, X23239, X8130, X6744, X1785, X5765, X4490, X2048, X1467, X6178, X6139, X6935, X15470, X6749, X4729, X1540, X3970, X5989, X2524, X4553, X4682, X4712, X4659, X748, X1964, X8056, X17007, X9447, X15872, X2499, X2286, X15134, X9342, X4191, X2240, X4681, X35138, X1786, X1821, X4079, X17137, X15260, X17008, X14341, X7985, X14348, X1789, X4788, X10144, X9426, X4053, X5854, X25538, X9333, X4775, X4479, X7076, X1457, X7168, X8000, X1782, X7095, X7020, X8249, X7285, X9203, X1464, X1783, X9430, X14991, X4654, X14770, X17169, X17132, X2036, X1525, X714, X7298, X4752, X1832, X15506, X6846, X1544, X2483, X7252, X15896, X14890, X7253, X4623, X48013, X85559, X10147, X4418, X5286, X17231, X15894, X19351, X4571, X7144, X6174, X2497, X5852, X1458, X1521, X4045, X4894, X3683, X9297, X2042, X8053, X4675, X14895, X15467, X6141, X4774, X6769, X15463, X5884, X7202, X2476, X14941, X10123, X9418, X1411, X1940, X15887, X5077, X380, X10075, X7517, X3922, X15875, X4743, X4034, X2275, X28985, X9422, X15077, X19850, X25497, X9738, X15131, X4632, X72479, X6276, X14778, X12664, X6571, X7122, X5042, X33550, X9272, X9260, X4779, X4166, X1520, X1561, X9649, X6039, X66170, X15877, X15874, X15897, X6767, X2326, X15402, X9460, X1526, X4966, X17148, X10124, X15156, X4026, X14807, X14334, X1776, X4613, X5869, X6487, X2489, X14995, X4432, X8601, X8028, X7049, X29334, X15140, X4619, X1939, X14835, X14740, X6410, X9290, X15142, X6317, X4805, X15459, X19827, X6142, X7262, X5843, X2480, X9202, X1644, X7282, X5193, X1528, X1897, X14894, X14810, X14960, X1962, X15892, X5285, X15899, X8774, X10420, X4711, X5880, X47656, X5283, X19322, X1547, X53518, X4035, X7952, X1560, X58520, X2298, X14142, X4031, X9223, X7902, X4044, X8769, X12430, X14779, X16955, X2016, X17151, X6067, X15471, X7097, X2057, X1524, X54347, X2041, X4769, X15904, X8030, X6055, X6136, X29380, X9648, X1580, X14974, X19822, X10254, X63101, X54320, X59307, X25416, X6179, X12106, X17563, X14143, X4447, X5051, X7987, X54319, X4481, X14397, X27808, X15292, X6038, X4436, X2037, X985, X7044, X15494, X14370, X6649, X4893, X17257, X1777, X7048, X4549, X14962, X14808, X6833, X6750, X14167, X6478, X1541, X3591, X59817, X4572, X14138, X4950, X19317, X5878, X4271, X6746, X1539, X14838, X14754, X19903, X25493, X14881, X6050, X6934, X59562, X29435, X4082, X21554, X14041, X15898, X9387, X7980, X14049, X8026, X29375, X7931, X6001, X8018, X23982, X14985, X4040, X4622, X14386, X8031, X19880, X15450, X19921, X7142, X14387, X19831, X1532, X5063, X9634, X12894, X15460, X5888, X79840, X9631, X5870, X7295, X7093, X1533, X59869, X4800, X4710, X29302, X2053, X6079, X63327, X15903, X4586, X5895, X58519, X14379, X29342, X3604, X962, X15139, X4006, X1341, X17009, X14194, X6961, X3600, X9656, X15876, X29339, X8022, X63344, X82512, X19882, X47247, X1931, X71281, X69998, X5065, X6791, X6180, X9733, X5785, X29321, X25278, X19314, X25309, X3601, X25547, X15145, X6422, X17598, X29328, X61601, X14824, X66069, X9391, X10028, X9632, X1343, X4651, X7259, X5842, X1531, X4480, X53807, X29305, X984, X363, X63346, X4989, X14822, X7090, X1702, X2487, X12320, X7263, X1463, X6653, X29367, X17525, X15497, X9437, X31286, X4595, X14018, X33551, X4958, X3931, X19300, X3983, X33750, X10107, X3607, X9425, X5898, X79822, X3920, X14975, X19800, X25437, X30370, X8831, X19791, X6062, X79883, X7126, X4751, X63326, X29347, X7035, X6369, X14951, X14870, X7865, X7852, X6070, X14773, X8630, X3516, X72433, X14784, X19782, X4030, X5891, X19849, X2486, X10209, X1504, X6059, X3587, X1557, X14262, X6772, X17291, X7121, X8779, X29313, X7129, X6187, X6231, X25539, X14839, X63369, X1559, X14953, X2052, X33566, X29304, X7284, X59576, X72336, X3321, X5076, X7127, X9198, X19337, X8025, X6183, X3936, X19315, X6622, X29646, X14749, X4116, X22508, X59819, X41268, X29350, X15280, X15503, X29045, X3323, X27742, X9416, X29341, X79683, X1454, X6629, X5886, X4633, X21909, X81713, X7265, X7281, X15150, X6066, X5934, X5882, X6820, X10251, X15161, X2047, X7996, X6893, X14882, X5885, X1527, X4797, X7264, X61016, X3613, X4924, X29340, X11639, X1535, X17150, X1485, X4592, X30406, X10343, X6631, X3945, X6063, X10130, X14384, X9385, X82503, X10257, X6376, X16668, X19334, X7088, X15868, X1981, X1565, X14803, X9728, X7257, X1556, X7280, X21553, X5887, X15257, X6058, X69443, X17195, X21589, X31278, X4772, X6705, X19431, X19313, X7119, X71368, X3324, X4503, X5935, X7965, X3585, X5901, X7143, X7240, X29301, X63239, X79833, X6053, X5300, X6170, X17523, X72833, X3552, X5862, X63353, X76214, X1797, X14180, X2329, X9475, X17149, X19820, X71397, X17264, X6627, X17147, X19429, X14990, X7249, X7928, X82502, X3602, X15312, X8138, X16956, X1507, X17120, X4550, X6621, X5997, X5889, X63278, X15493, X690, X7261, X7903, X23242, X63341, X12690, X746, X16958, X7124, X5892, X961, X3589, X14367, X3665, X47522, X14745, X54318, X5181, X24012, X17194, X15160, X3663, X1781, X63343, X9427, X6626, X6624, X63325, X63342, X3932, X6344, X28230, X8511, X33571, X1558, X15893, X23477, X6930, X5894, X12715, X5987, X2534, X10367, X9474, X10370, X5933, X16999, X69452, X6630, X10258, X5840, X2478, X10442, X7025, X5867, X6557, X10459, X69440, X1617, X1945, X4317, X2135, X1828, X1677, X1967, X6473, X57593, X2276, X6371, X27771, X9214, X6293, X1662, X2084, X4655, X4042, X4372, X6385, X5818, X1813, X56795, X2087, X6816, X4330, X1778, X27814, X5809, X14747, X5068, X8631, X5858, X4373, X1840, X11334, X5853, X11337, X6307, X53519, X15148, X4604, X6031, X2025, X15478, X28982, X6540, X6922, X6719, X5790, X1517, X1977, X14389, X35903, X4709, X6728, X7061, X12924, X5906, X14840, X9258, X15345, X14196, X2166, X24634, X6645, X5985, X6302, X698, X29307, X1980, X1991, X6716, X1502, X991, X7258, X1990, X362, X1680, X15309, X14764, X17100, X6647, X9265, X29097, X6698, X5743, X66053, X4165, X3978, X34818, X14322, X6669, X15498, X55025, X32228, X7881, X27758, X3980, X59528, X5831, X6701, X15305, X2164, X29379, X6661, X6726, X1774, X33559, X6428, X4690, X6044, X14297, X6731, X6715, X5116, X2306, X14762, X10398, X6817
2024-05-23 15:43:12.491586 INFO::Total filtered features with variance filtering: 0
2024-05-23 15:43:12.492236 INFO::Filtered feature names from variance filtering:
2024-05-23 15:43:12.492741 INFO::Running selected normalization method: TMM
2024-05-23 15:43:12.762733 INFO::Applying z-score to standardize continuous metadata
2024-05-23 15:43:12.76577 INFO::Running selected transform method: NONE
2024-05-23 15:43:12.766631 INFO::Running selected analysis method: NEGBIN
2024-05-23 15:43:12.767993 INFO::Creating cluster of 24 R processes
2024-05-23 15:43:30.798488 INFO::Counting total values for each feature
2024-05-23 15:43:30.804522 INFO::Writing filtered data to file data/processed_data/maaslin_by_cohort_HMP_Vs_MDACC_all_Stool/features/filtered_data.tsv
2024-05-23 15:43:30.831418 INFO::Writing filtered, normalized data to file data/processed_data/maaslin_by_cohort_HMP_Vs_MDACC_all_Stool/features/filtered_data_norm.tsv
2024-05-23 15:43:30.855692 INFO::Writing filtered, normalized, transformed data to file data/processed_data/maaslin_by_cohort_HMP_Vs_MDACC_all_Stool/features/filtered_data_norm_transformed.tsv
2024-05-23 15:43:30.871149 INFO::Writing residuals to file data/processed_data/maaslin_by_cohort_HMP_Vs_MDACC_all_Stool/fits/residuals.rds
2024-05-23 15:43:30.877394 INFO::Writing fitted values to file data/processed_data/maaslin_by_cohort_HMP_Vs_MDACC_all_Stool/fits/fitted.rds
2024-05-23 15:43:30.879926 INFO::Writing all results to file (ordered by increasing q-values): data/processed_data/maaslin_by_cohort_HMP_Vs_MDACC_all_Stool/all_results.tsv
2024-05-23 15:43:30.881386 INFO::Writing the significant results (those which are less than or equal to the threshold of 0.250000 ) to file (ordered by increasing q-values): data/processed_data/maaslin_by_cohort_HMP_Vs_MDACC_all_Stool/significant_results.tsv
