2024-05-23 19:27:22.759386 INFO::Writing function arguments to log file
2024-05-23 19:27:22.760242 DEBUG::Function arguments
2024-05-23 19:27:22.760494 DEBUG::Output folder: data/processed_data/maaslin_phyloseq_by_Glioma_categorical_glioma_progression_overall_Oral swab
2024-05-23 19:27:22.760681 DEBUG::Min Abundance: 100.000000
2024-05-23 19:27:22.760846 DEBUG::Min Prevalence: 0.250000
2024-05-23 19:27:22.760997 DEBUG::Normalization: TMM
2024-05-23 19:27:22.761142 DEBUG::Transform: NONE
2024-05-23 19:27:22.761298 DEBUG::Analysis method: NEGBIN
2024-05-23 19:27:22.761437 DEBUG::Max significance: 0.250000
2024-05-23 19:27:22.761587 DEBUG::Random effects:
2024-05-23 19:27:22.761726 DEBUG::Fixed effects: glioma_progression_overall,glioma_fu_time,sex,grade_category,glioma_idh_mutation,steroids_at_surgery
2024-05-23 19:27:22.761919 DEBUG::Correction method: BH
2024-05-23 19:27:22.762172 DEBUG::Standardize: TRUE
2024-05-23 19:27:22.762335 DEBUG::Cores: 24
2024-05-23 19:27:22.762477 INFO::Verifying options selected are valid
2024-05-23 19:27:22.763325 INFO::Determining format of input files
2024-05-23 19:27:22.764071 INFO::Input format is data samples as rows and metadata samples as rows
2024-05-23 19:27:22.765791 DEBUG::A total of 37 samples were found in both the data and metadata
2024-05-23 19:27:22.766096 DEBUG::Reordering data/metadata to use same sample ordering
2024-05-23 19:27:22.770614 INFO::Formula for fixed effects: expr ~  glioma_progression_overall + glioma_fu_time + sex + grade_category + glioma_idh_mutation + steroids_at_surgery
2024-05-23 19:27:22.772254 INFO::Factor detected for categorial metadata 'sex'. Provide a reference argument or manually set factor ordering to change reference level.
2024-05-23 19:27:22.7778 INFO::Factor detected for categorial metadata 'grade_category'. Provide a reference argument or manually set factor ordering to change reference level.
2024-05-23 19:27:22.77882 INFO::Factor detected for categorial metadata 'glioma_idh_mutation'. Provide a reference argument or manually set factor ordering to change reference level.
2024-05-23 19:27:22.779734 INFO::Factor detected for categorial metadata 'steroids_at_surgery'. Provide a reference argument or manually set factor ordering to change reference level.
2024-05-23 19:27:22.783942 INFO::Filter data based on min abundance and min prevalence
2024-05-23 19:27:22.784774 INFO::Total samples in data: 37
2024-05-23 19:27:22.785387 INFO::Min samples required with min abundance for a feature not to be filtered: 9.250000
2024-05-23 19:27:22.79088 INFO::Total filtered features: 989
2024-05-23 19:27:22.791919 INFO::Filtered feature names from abundance and prevalence filtering: X2135, X2164, X2071, X1961, X1963, X1962, X1965, X1580, X1524, X1521, X1520, X21553, X1533, X1702, X1532, X1666, X21554, X1547, X1544, X1556, X1542, X1539, X1541, X1565, X1557, X1558, X1559, X1560, X1563, X1504, X1699, X1531, X1636, X1626, X1644, X1613, X1679, X1588, X1507, X1527, X1526, X3323, X1535, X1457, X1458, X1456, X1454, X1528, X1798, X1797, X1411, X1485, X1477, X1481, X1465, X1464, X1463, X1469, X1467, X1877, X27808, X3321, X1878, X69998, X1867, X1871, X1862, X1860, X1861, X1857, X1858, X1855, X1842, X1844, X1846, X1836, X21589, X1835, X1821, X1832, X1830, X1829, X1891, X1903, X1897, X1888, X1815, X1814, X1812, X2052, X1981, X3324, X2037, X2036, X2042, X2041, X2057, X1949, X1948, X1941, X1940, X1939, X1942, X1930, X1934, X2047, X2048, X2053, X1774, X1772, X1769, X1343, X1341, X1777, X1776, X27742, X1785, X1786, X1784, X1783, X1782, X1781, X1789, X1790, X1792, X2227, X2230, X2317, X2311, X2313, X2296, X2299, X2295, X2298, X2301, X2303, X2318, X2290, X2286, X2325, X2328, X2326, X2329, X28230, X2489, X21909, X2499, X2487, X2486, X2480, X2476, X2275, X8770, X8767, X8774, X8779, X9226, X9223, X9224, X9198, X9202, X9203, X11639, X9346, X9333, X12106, X12320, X12382, X10343, X10420, X10075, X10074, X10083, X10068, X10115, X10116, X10123, X10124, X10119, X10118, X10107, X23242, X10130, X10144, X10147, X23239, X81713, X31286, X31278, X10256, X10257, X10254, X10251, X9992, X10028, X10209, X10207, X9728, X9634, X9632, X9631, X9656, X9649, X9648, X9733, X9738, X9731, X9954, X3683, X9416, X12430, X12894, X9387, X9385, X9391, X13164, X12690, X12664, X9280, X9281, X9273, X9286, X9297, X9290, X9292, X9272, X9247, X9258, X9262, X9260, X9434, X9430, X9437, X9475, X9422, X9425, X9460, X9463, X9427, X9426, X22508, X17598, X15460, X15459, X15467, X15471, X15470, X15463, X85559, X29646, X15450, X15452, X8831, X19334, X19337, X19313, X19314, X19315, X19322, X19317, X19431, X19300, X19429, X3587, X3589, X3591, X3552, X69443, X3585, X3613, X3600, X3607, X3602, X3604, X3601, X5989, X5997, X6001, X6035, X6039, X6038, X47247, X59307, X6059, X6063, X6062, X6066, X6058, X29045, X6055, X6053, X6050, X6070, X6067, X7088, X7106, X7098, X7097, X7095, X7090, X7093, X7092, X7126, X7124, X7121, X7127, X7122, X7129, X7119, X7114, X7115, X7202, X7168, X7061, X7076, X7082, X7252, X7248, X7249, X7143, X7144, X7142, X7044, X7049, X7045, X7048, X7020, X7038, X7041, X7035, X7240, X7136, X7965, X7967, X7928, X7930, X7931, X7952, X7951, X7962, X7985, X7980, X25309, X7987, X7996, X8022, X8021, X8018, X8000, X8002, X8084, X8138, X8053, X8031, X8030, X25278, X8028, X8026, X8025, X8056, X8059, X7902, X7903, X8245, X7517, X6833, X6820, X4045, X4046, X4044, X6791, X6796, X6806, X6790, X4030, X4029, X4037, X4036, X4040, X4042, X4041, X4035, X4026, X4034, X4031, X6749, X6744, X6747, X6746, X6754, X6750, X6783, X6771, X6772, X6769, X6767, X6768, X7261, X6602, X1024, X6609, X5934, X5935, X6478, X6410, X6487, X6422, X6458, X6571, X6846, X7865, X7852, X7295, X7285, X7284, X7298, X30406, X4348, X4367, X14874, X14194, X14953, X14262, X14951, X4285, X4290, X4272, X4271, X4280, X14853, X4121, X58520, X14844, X14851, X72336, X14881, X14882, X14890, X29350, X14895, X14894, X63346, X53518, X14941, X7259, X14167, X15316, X15346, X15312, X15300, X15292, X15295, X15299, X15286, X15280, X15271, X79822, X63326, X79883, X7263, X7264, X82503, X25416, X14965, X14963, X63343, X63327, X63325, X14912, X14837, X63342, X15350, X63344, X63341, X29321, X14839, X14838, X14960, X4198, X4191, X4181, X4418, X4421, X4422, X4425, X4262, X14870, X14962, X29305, X63353, X59562, X7253, X29347, X25547, X14835, X72833, X63239, X15091, X15254, X15257, X79833, X7258, X28985, X15078, X15077, X15124, X15161, X15134, X15132, X15139, X29328, X79840, X15131, X15140, X15125, X15127, X29334, X15126, X15142, X53807, X15149, X15150, X15158, X15154, X15156, X15160, X23477, X15145, X15120, X15233, X15236, X15234, X15265, X15260, X63278, X59576, X14974, X14975, X14180, X29313, X14987, X14995, X14993, X14991, X14990, X29304, X14985, X54347, X4166, X6276, X6344, X6371, X6369, X6376, X6317, X14041, X54319, X54318, X54320, X14027, X14049, X14018, X61601, X13972, X14138, X29342, X15398, X15402, X66170, X58519, X63369, X7265, X29301, X3813, X29339, X14142, X29341, X14143, X29340, X59819, X6631, X4481, X4480, X4490, X4494, X4479, X5266, X5265, X5090, X4799, X4800, X4791, X4797, X4798, X4788, X29381, X66069, X4862, X4815, X4811, X4810, X4831, X25497, X4837, X4826, X4825, X4829, X4828, X4816, X4820, X4805, X7262, X4677, X29375, X48013, X7280, X4867, X4868, X25431, X4874, X4768, X4769, X7257, X4774, X4775, X4772, X4871, X25538, X4779, X4691, X4966, X47656, X4588, X4550, X4549, X4583, X25437, X4572, X4633, X4632, X4630, X4626, X4552, X4628, X4623, X4622, X4581, X4575, X4577, X4571, X4006, X4617, X4619, X4613, X4616, X4586, X4584, X4592, X4598, X4557, X4608, X29302, X4595, X4606, X4553, X25493, X4756, X4724, X4725, X4763, X4762, X4761, X4758, X4760, X4753, X4752, X4751, X4749, X29367, X4742, X4743, X4711, X4712, X4710, X29433, X25539, X4729, X4705, X4699, X29435, X4701, X4716, X4714, X4721, X82502, X59817, X29380, X79683, X4651, X4655, X4654, X4652, X4659, X4644, X4432, X4675, X4674, X4670, X59869, X4682, X4681, X4532, X4540, X4529, X5075, X5077, X5076, X5082, X5087, X47522, X5065, X5063, X4936, X4940, X4950, X4951, X4924, X4925, X4933, X4938, X4964, X4959, X7281, X4958, X5111, X5117, X5051, X5042, X5045, X4882, X4910, X4914, X4893, X4894, X4993, X4988, X4989, X4987, X71397, X5286, X5285, X5283, X7282, X4503, X71281, X4436, X5190, X5193, X5181, X4447, X6079, X3932, X6627, X3970, X82512, X3936, X3934, X3920, X3922, X3926, X3977, X3983, X3931, X3945, X3958, X71368, X5300, X6653, X6649, X6626, X6705, X6131, X749, X748, X746, X6136, X6141, X6142, X6140, X6139, X6148, X6624, X6622, X6621, X6629, X4079, X4078, X4080, X74322, X4082, X4116, X6170, X6187, X6183, X6179, X6178, X6180, X6174, X6191, X6231, X5736, X5765, X5751, X5785, X5792, X6935, X6934, X30370, X5855, X5857, X5862, X5854, X5852, X5870, X5869, X5803, X5825, X5842, X5843, X5901, X5892, X5887, X5886, X5885, X5884, X5880, X5882, X5888, X5889, X5891, X5894, X5878, X5895, X5898, X6962, X6961, X61016, X4050, X4053, X49188, X15497, X17525, X17523, X15507, X15506, X15503, X714, X690, X363, X380, X6893, X3516, X19880, X19882, X19921, X19831, X19850, X19849, X19903, X19893, X19820, X19827, X19822, X19782, X76214, X19800, X17563, X24012, X8630, X8620, X8601, X14741, X14740, X14739, X14745, X14737, X14749, X33571, X14752, X14754, X14546, X14397, X961, X14387, X14386, X14384, X985, X984, X14367, X14370, X14379, X72479, X14334, X14322, X14341, X14809, X74488, X14810, X14803, X14808, X14807, X33566, X63101, X33550, X33551, X14797, X14824, X14822, X72433, X14791, X962, X14778, X14779, X14773, X14784, X14770, X17012, X17120, X17009, X17007, X3665, X3663, X3664, X15904, X15903, X16999, X16958, X16956, X16955, X15897, X15899, X15898, X35138, X15896, X15887, X15876, X33750, X15873, X15874, X15875, X15872, X15877, X15868, X17194, X33761, X17148, X17149, X17168, X17152, X17169, X23982, X17153, X17154, X17150, X17132, X17137, X17147, X17195, X17196, X15480, X15894, X15893, X17257, X17256, X17248, X17247, X17231, X17241, X17244, X17237, X17234, X17278, X17264, X17300, X15493, X15494, X17291, X16668, X8511
2024-05-23 19:27:22.793939 INFO::Total filtered features with variance filtering: 0
2024-05-23 19:27:22.794567 INFO::Filtered feature names from variance filtering:
2024-05-23 19:27:22.795109 INFO::Running selected normalization method: TMM
2024-05-23 19:27:22.805149 INFO::Applying z-score to standardize continuous metadata
2024-05-23 19:27:22.808178 INFO::Running selected transform method: NONE
2024-05-23 19:27:22.808804 INFO::Running selected analysis method: NEGBIN
2024-05-23 19:27:22.809294 INFO::Creating cluster of 24 R processes
2024-05-23 19:27:31.067464 INFO::Counting total values for each feature
2024-05-23 19:27:31.076285 INFO::Writing filtered data to file data/processed_data/maaslin_phyloseq_by_Glioma_categorical_glioma_progression_overall_Oral swab/features/filtered_data.tsv
2024-05-23 19:27:31.080456 INFO::Writing filtered, normalized data to file data/processed_data/maaslin_phyloseq_by_Glioma_categorical_glioma_progression_overall_Oral swab/features/filtered_data_norm.tsv
2024-05-23 19:27:31.083505 INFO::Writing filtered, normalized, transformed data to file data/processed_data/maaslin_phyloseq_by_Glioma_categorical_glioma_progression_overall_Oral swab/features/filtered_data_norm_transformed.tsv
2024-05-23 19:27:31.086679 INFO::Writing residuals to file data/processed_data/maaslin_phyloseq_by_Glioma_categorical_glioma_progression_overall_Oral swab/fits/residuals.rds
2024-05-23 19:27:31.088032 INFO::Writing fitted values to file data/processed_data/maaslin_phyloseq_by_Glioma_categorical_glioma_progression_overall_Oral swab/fits/fitted.rds
2024-05-23 19:27:31.089476 INFO::Writing all results to file (ordered by increasing q-values): data/processed_data/maaslin_phyloseq_by_Glioma_categorical_glioma_progression_overall_Oral swab/all_results.tsv
2024-05-23 19:27:31.093198 INFO::Writing the significant results (those which are less than or equal to the threshold of 0.250000 ) to file (ordered by increasing q-values): data/processed_data/maaslin_phyloseq_by_Glioma_categorical_glioma_progression_overall_Oral swab/significant_results.tsv
